app/build/intermediates/manifest_merge_blame_file/debug/manifest-merger-blame-debug-report.txt
1<?xml version="1.0" encoding="utf-8"?>
2<manifest xmlns:android="http://schemas.android.com/apk/res/android"
3    package="com.androiddevs.mvvmnewsapp"
4    android:versionCode="1"
5    android:versionName="1.0" >
6
7    <uses-sdk
8        android:minSdkVersion="21"
8-->src\main\AndroidManifest.xml
9        android:targetSdkVersion="32" />
9-->src\main\AndroidManifest.xml
10
11    <uses-permission android:name="android.permission.INTERNET" />
11-->src\main\AndroidManifest.xml:5:5-67
11-->src\main\AndroidManifest.xml:5:22-64
12    <uses-permission android:name="android.permission.ACCESS_NETWORK_STATE" />
12-->src\main\AndroidManifest.xml:6:5-79
12-->src\main\AndroidManifest.xml:6:22-76
13
14    <application
14-->src\main\AndroidManifest.xml:8:5-24:19
15        android:name="com.androiddevs.mvvmnewsapp.ui.NewsApplication"
15-->src\main\AndroidManifest.xml:9:9-43
16        android:allowBackup="true"
16-->src\main\AndroidManifest.xml:10:9-35
17        android:appComponentFactory="androidx.core.app.CoreComponentFactory"
17-->[androidx.core:core:1.2.0] AndroidManifest.xml:24:18-86
18        android:debuggable="true"
19        android:icon="@mipmap/ic_launcher_foreground"
19-->src\main\AndroidManifest.xml:11:9-54
20        android:label="BERITA TERKINI"
20-->src\main\AndroidManifest.xml:12:9-39
21        android:roundIcon="@mipmap/ic_launcher_foreground"
21-->src\main\AndroidManifest.xml:13:9-59
22        android:supportsRtl="true"
22-->src\main\AndroidManifest.xml:14:9-35
23        android:testOnly="true"
24        android:theme="@style/AppTheme" >
24-->src\main\AndroidManifest.xml:15:9-40
25        <activity
25-->src\main\AndroidManifest.xml:16:9-23:20
26            android:name="com.androiddevs.mvvmnewsapp.ui.NewsActivity"
26-->src\main\AndroidManifest.xml:16:19-50
27            android:exported="true" >
27-->src\main\AndroidManifest.xml:17:13-36
28            <intent-filter>
28-->src\main\AndroidManifest.xml:18:13-22:29
29                <action android:name="android.intent.action.MAIN" />
29-->src\main\AndroidManifest.xml:19:17-69
29-->src\main\AndroidManifest.xml:19:25-66
30
31                <category android:name="android.intent.category.LAUNCHER" />
31-->src\main\AndroidManifest.xml:21:17-77
31-->src\main\AndroidManifest.xml:21:27-74
32            </intent-filter>
33        </activity>
34
35        <service
35-->[androidx.room:room-runtime:2.2.5] AndroidManifest.xml:25:9-28:40
36            android:name="androidx.room.MultiInstanceInvalidationService"
36-->[androidx.room:room-runtime:2.2.5] AndroidManifest.xml:26:13-74
37            android:directBootAware="true"
37-->[androidx.room:room-runtime:2.2.5] AndroidManifest.xml:27:13-43
38            android:exported="false" />
38-->[androidx.room:room-runtime:2.2.5] AndroidManifest.xml:28:13-37
39    </application>
40
41</manifest>